<?xml version="1.0" encoding="UTF-8"?>
<testsuite name="custompackageexample.core.ProbeTest" tests="1" skipped="0" failures="0" errors="0" timestamp="2026-07-31T00:06:14" hostname="DESKTOP-96R0MDF" time="0.05">
  <properties/>
  <testcase name="probeNamespaceAndPermissionCombinations()" classname="custompackageexample.core.ProbeTest" time="0.05"/>
  <system-out><![CDATA[### A. no permissions arg, null namespace
   toNumber(Years) > 3             BLOCKED(Method) custompackageexample.core.ProbeTest.tryEval:37@1:9 unsolvable function/method 'toNumber(String)'
   eqIgnoreCase(Dept, "it")        BLOCKED(Method) custompackageexample.core.ProbeTest.tryEval:37@1:13 unsolvable function/method 'eqIgnoreCase(String, String)'
   fn:toNumber(Years) > 3          BLOCKED(JexlException) custompackageexample.core.ProbeTest.tryEval:37@1:12 JEXL error : no such function namespace fn
   Dept.getClass().getName()       OK -> null
   ''.getClass()                   OK -> class java.lang.String
   Dept == "IT"                    OK -> true
### B. RESTRICTED, null namespace
   toNumber(Years) > 3             BLOCKED(Method) custompackageexample.core.ProbeTest.tryEval:37@1:9 unsolvable function/method 'toNumber(String)'
   eqIgnoreCase(Dept, "it")        BLOCKED(Method) custompackageexample.core.ProbeTest.tryEval:37@1:13 unsolvable function/method 'eqIgnoreCase(String, String)'
   fn:toNumber(Years) > 3          BLOCKED(JexlException) custompackageexample.core.ProbeTest.tryEval:37@1:12 JEXL error : no such function namespace fn
   Dept.getClass().getName()       OK -> null
   ''.getClass()                   OK -> class java.lang.String
   Dept == "IT"                    OK -> true
### C. RESTRICTED + allow Fn package, null namespace
   toNumber(Years) > 3             BLOCKED(Method) custompackageexample.core.ProbeTest.tryEval:37@1:9 unsolvable function/method 'toNumber(String)'
   eqIgnoreCase(Dept, "it")        BLOCKED(Method) custompackageexample.core.ProbeTest.tryEval:37@1:13 unsolvable function/method 'eqIgnoreCase(String, String)'
   fn:toNumber(Years) > 3          BLOCKED(JexlException) custompackageexample.core.ProbeTest.tryEval:37@1:12 JEXL error : no such function namespace fn
   Dept.getClass().getName()       OK -> null
   ''.getClass()                   OK -> class java.lang.String
   Dept == "IT"                    OK -> true
### D. named namespace fn only
   toNumber(Years) > 3             BLOCKED(Method) custompackageexample.core.ProbeTest.tryEval:37@1:9 unsolvable function/method 'toNumber(String)'
   eqIgnoreCase(Dept, "it")        BLOCKED(Method) custompackageexample.core.ProbeTest.tryEval:37@1:13 unsolvable function/method 'eqIgnoreCase(String, String)'
   fn:toNumber(Years) > 3          BLOCKED(Method) custompackageexample.core.ProbeTest.tryEval:37@1:12 unsolvable function/method 'toNumber(String)'
   Dept.getClass().getName()       OK -> null
   ''.getClass()                   OK -> class java.lang.String
   Dept == "IT"                    OK -> true
### E. RESTRICTED + deny Object.getClass(), both namespaces
   toNumber(Years) > 3             BLOCKED(Method) custompackageexample.core.ProbeTest.tryEval:37@1:9 unsolvable function/method 'toNumber(String)'
   eqIgnoreCase(Dept, "it")        BLOCKED(Method) custompackageexample.core.ProbeTest.tryEval:37@1:13 unsolvable function/method 'eqIgnoreCase(String, String)'
   fn:toNumber(Years) > 3          BLOCKED(Method) custompackageexample.core.ProbeTest.tryEval:37@1:12 unsolvable function/method 'toNumber(String)'
   Dept.getClass().getName()       OK -> null
   ''.getClass()                   OK -> null
   Dept == "IT"                    OK -> true
### RESTRICTED allows Fn class? true
### RESTRICTED allows Fn.toNumber? false
### RESTRICTED allows Object.getClass? true
]]></system-out>
  <system-err><![CDATA[]]></system-err>
</testsuite>
