<?xml version="1.0" encoding="UTF-8"?>
<testsuite name="custompackageexample.core.Probe2Test" tests="1" skipped="0" failures="0" errors="0" timestamp="2026-07-31T00:06:14" hostname="DESKTOP-96R0MDF" time="0.038">
  <properties/>
  <testcase name="whatDoesRestrictedActuallyDeny()" classname="custompackageexample.core.Probe2Test" time="0.038"/>
  <system-out><![CDATA[### allow() matrix
   RESTRICTED Fn.toNumber -> class=true method=false
   RESTRICTED Fn.isEmpty -> class=true method=false
   RESTRICTED String.length -> class=true method=true
   RESTRICTED String.startsWith -> class=true method=true
   RESTRICTED Object.getClass -> class=true method=true
   UNRESTRICTED Fn.toNumber -> class=true method=true
   UNRESTRICTED Object.getClass -> class=true method=true
   DENYGETCLASS Object.getClass -> class=true method=false
   DENYGETCLASS Fn.toNumber -> class=true method=false
### eval matrix
### UNRESTRICTED + null ns
   toNumber(Years) > 3  ==>  OK -> true
   eqIgnoreCase(Dept, "it")  ==>  OK -> true
   ''.getClass()  ==>  OK -> class java.lang.String
   Dept.getClass().getName() == "x"  ==>  OK -> false
   Dept.length() > 1  ==>  OK -> true
   Dept == "IT"  ==>  OK -> true
### DENYGETCLASS + null ns
   toNumber(Years) > 3  ==>  BLOCKED custompackageexample.core.Probe2Test.evalWith:71@1:9 unsolvable function/method 'toNumber(String)'
   eqIgnoreCase(Dept, "it")  ==>  BLOCKED custompackageexample.core.Probe2Test.evalWith:71@1:13 unsolvable function/method 'eqIgnoreCase(Strin
   ''.getClass()  ==>  BLOCKED custompackageexample.core.Probe2Test.evalWith:71@1:3 unsolvable function/method 'getClass'
   Dept.getClass().getName() == "x"  ==>  BLOCKED custompackageexample.core.Probe2Test.evalWith:71@1:5 unsolvable function/method 'getClass'
   Dept.length() > 1  ==>  OK -> true
   Dept == "IT"  ==>  OK -> true
]]></system-out>
  <system-err><![CDATA[]]></system-err>
</testsuite>
